<?xml version="1.0" encoding="UTF-8"?>
<testsuite name="goss" errors="0" tests="5" failures="0" skipped="0" time="0.006" timestamp="2024-03-15T14:54:44+01:00">
<testcase name="Command hello exit-status" time="0.002">
<system-out>Command: hello: exit-status: matches expectation: 0</system-out>
</testcase>
<testcase name="Command hello stdout" time="0.000">
<system-out>Command: hello: stdout: matches expectation: [&#34;Hello, world!&#34;]</system-out>
</testcase>
<testcase name="Command hello --version | head -n1 exit-status" time="0.003">
<system-out>Command: hello --version | head -n1: exit-status: matches expectation: 0</system-out>
</testcase>
<testcase name="Command hello --version | head -n1 stdout" time="0.000">
<system-out>Command: hello --version | head -n1: stdout: matches expectation: [&#34;hello (GNU hello) 2.6&#34;]</system-out>
</testcase>
<testcase name="Package hello installed" time="0.005">
<system-out>Package: hello: installed: matches expectation: true</system-out>
</testcase>
</testsuite>
